{"/home/diego/aulas/ddd_fc/src/domain/entity/address.ts": {"path":"/home/diego/aulas/ddd_fc/src/domain/entity/address.ts","all":false,"statementMap":{"0":{"start":{"line":1,"column":0},"end":{"line":1,"column":30}},"1":{"start":{"line":2,"column":0},"end":{"line":2,"column":0}},"2":{"start":{"line":3,"column":0},"end":{"line":3,"column":25}},"3":{"start":{"line":4,"column":0},"end":{"line":4,"column":24}},"4":{"start":{"line":5,"column":0},"end":{"line":5,"column":22}},"5":{"start":{"line":6,"column":0},"end":{"line":6,"column":23}},"6":{"start":{"line":7,"column":0},"end":{"line":7,"column":0}},"7":{"start":{"line":8,"column":0},"end":{"line":8,"column":75}},"8":{"start":{"line":9,"column":0},"end":{"line":9,"column":30}},"9":{"start":{"line":10,"column":0},"end":{"line":10,"column":30}},"10":{"start":{"line":11,"column":0},"end":{"line":11,"column":24}},"11":{"start":{"line":12,"column":0},"end":{"line":12,"column":26}},"12":{"start":{"line":13,"column":0},"end":{"line":13,"column":24}},"13":{"start":{"line":14,"column":0},"end":{"line":14,"column":5}},"14":{"start":{"line":15,"column":0},"end":{"line":15,"column":0}},"15":{"start":{"line":16,"column":0},"end":{"line":16,"column":24}},"16":{"start":{"line":17,"column":0},"end":{"line":17,"column":28}},"17":{"start":{"line":18,"column":0},"end":{"line":18,"column":5}},"18":{"start":{"line":19,"column":0},"end":{"line":19,"column":0}},"19":{"start":{"line":20,"column":0},"end":{"line":20,"column":24}},"20":{"start":{"line":21,"column":0},"end":{"line":21,"column":28}},"21":{"start":{"line":22,"column":0},"end":{"line":22,"column":5}},"22":{"start":{"line":23,"column":0},"end":{"line":23,"column":0}},"23":{"start":{"line":24,"column":0},"end":{"line":24,"column":21}},"24":{"start":{"line":25,"column":0},"end":{"line":25,"column":25}},"25":{"start":{"line":26,"column":0},"end":{"line":26,"column":5}},"26":{"start":{"line":27,"column":0},"end":{"line":27,"column":0}},"27":{"start":{"line":28,"column":0},"end":{"line":28,"column":22}},"28":{"start":{"line":29,"column":0},"end":{"line":29,"column":26}},"29":{"start":{"line":30,"column":0},"end":{"line":30,"column":5}},"30":{"start":{"line":31,"column":0},"end":{"line":31,"column":0}},"31":{"start":{"line":32,"column":0},"end":{"line":32,"column":15}},"32":{"start":{"line":33,"column":0},"end":{"line":33,"column":38}},"33":{"start":{"line":34,"column":0},"end":{"line":34,"column":50}},"34":{"start":{"line":35,"column":0},"end":{"line":35,"column":9}},"35":{"start":{"line":36,"column":0},"end":{"line":36,"column":31}},"36":{"start":{"line":37,"column":0},"end":{"line":37,"column":50}},"37":{"start":{"line":38,"column":0},"end":{"line":38,"column":9}},"38":{"start":{"line":39,"column":0},"end":{"line":39,"column":35}},"39":{"start":{"line":40,"column":0},"end":{"line":40,"column":47}},"40":{"start":{"line":41,"column":0},"end":{"line":41,"column":9}},"41":{"start":{"line":42,"column":0},"end":{"line":42,"column":36}},"42":{"start":{"line":43,"column":0},"end":{"line":43,"column":48}},"43":{"start":{"line":44,"column":0},"end":{"line":44,"column":9}},"44":{"start":{"line":45,"column":0},"end":{"line":45,"column":5}},"45":{"start":{"line":46,"column":0},"end":{"line":46,"column":0}},"46":{"start":{"line":47,"column":0},"end":{"line":47,"column":15}},"47":{"start":{"line":48,"column":0},"end":{"line":48,"column":79}},"48":{"start":{"line":49,"column":0},"end":{"line":49,"column":5}},"49":{"start":{"line":50,"column":0},"end":{"line":50,"column":1}}},"s":{"0":1,"1":1,"2":1,"3":1,"4":1,"5":1,"6":1,"7":1,"8":9,"9":9,"10":9,"11":9,"12":9,"13":9,"14":1,"15":1,"16":9,"17":9,"18":1,"19":1,"20":9,"21":9,"22":1,"23":1,"24":9,"25":9,"26":1,"27":1,"28":9,"29":9,"30":1,"31":1,"32":9,"33":0,"34":0,"35":9,"36":0,"37":0,"38":9,"39":0,"40":0,"41":9,"42":0,"43":0,"44":9,"45":1,"46":1,"47":0,"48":0,"49":1},"branchMap":{"0":{"type":"branch","line":1,"loc":{"start":{"line":1,"column":21},"end":{"line":1,"column":30}},"locations":[{"start":{"line":1,"column":21},"end":{"line":1,"column":30}}]},"1":{"type":"branch","line":16,"loc":{"start":{"line":16,"column":4},"end":{"line":18,"column":5}},"locations":[{"start":{"line":16,"column":4},"end":{"line":18,"column":5}}]},"2":{"type":"branch","line":20,"loc":{"start":{"line":20,"column":4},"end":{"line":22,"column":5}},"locations":[{"start":{"line":20,"column":4},"end":{"line":22,"column":5}}]},"3":{"type":"branch","line":24,"loc":{"start":{"line":24,"column":4},"end":{"line":26,"column":5}},"locations":[{"start":{"line":24,"column":4},"end":{"line":26,"column":5}}]},"4":{"type":"branch","line":28,"loc":{"start":{"line":28,"column":4},"end":{"line":30,"column":5}},"locations":[{"start":{"line":28,"column":4},"end":{"line":30,"column":5}}]},"5":{"type":"branch","line":32,"loc":{"start":{"line":32,"column":4},"end":{"line":45,"column":5}},"locations":[{"start":{"line":32,"column":4},"end":{"line":45,"column":5}}]},"6":{"type":"branch","line":33,"loc":{"start":{"line":33,"column":37},"end":{"line":35,"column":9}},"locations":[{"start":{"line":33,"column":37},"end":{"line":35,"column":9}}]},"7":{"type":"branch","line":36,"loc":{"start":{"line":36,"column":30},"end":{"line":38,"column":9}},"locations":[{"start":{"line":36,"column":30},"end":{"line":38,"column":9}}]},"8":{"type":"branch","line":39,"loc":{"start":{"line":39,"column":34},"end":{"line":41,"column":9}},"locations":[{"start":{"line":39,"column":34},"end":{"line":41,"column":9}}]},"9":{"type":"branch","line":42,"loc":{"start":{"line":42,"column":35},"end":{"line":44,"column":9}},"locations":[{"start":{"line":42,"column":35},"end":{"line":44,"column":9}}]},"10":{"type":"branch","line":8,"loc":{"start":{"line":8,"column":4},"end":{"line":14,"column":5}},"locations":[{"start":{"line":8,"column":4},"end":{"line":14,"column":5}}]}},"b":{"0":[9],"1":[9],"2":[9],"3":[9],"4":[9],"5":[9],"6":[0],"7":[0],"8":[0],"9":[0],"10":[9]},"fnMap":{"0":{"name":"get","decl":{"start":{"line":1,"column":21},"end":{"line":1,"column":30}},"loc":{"start":{"line":1,"column":21},"end":{"line":1,"column":30}},"line":1},"1":{"name":"getStreet","decl":{"start":{"line":16,"column":4},"end":{"line":18,"column":5}},"loc":{"start":{"line":16,"column":4},"end":{"line":18,"column":5}},"line":16},"2":{"name":"getNumber","decl":{"start":{"line":20,"column":4},"end":{"line":22,"column":5}},"loc":{"start":{"line":20,"column":4},"end":{"line":22,"column":5}},"line":20},"3":{"name":"getZip","decl":{"start":{"line":24,"column":4},"end":{"line":26,"column":5}},"loc":{"start":{"line":24,"column":4},"end":{"line":26,"column":5}},"line":24},"4":{"name":"getCity","decl":{"start":{"line":28,"column":4},"end":{"line":30,"column":5}},"loc":{"start":{"line":28,"column":4},"end":{"line":30,"column":5}},"line":28},"5":{"name":"validate","decl":{"start":{"line":32,"column":4},"end":{"line":45,"column":5}},"loc":{"start":{"line":32,"column":4},"end":{"line":45,"column":5}},"line":32},"6":{"name":"toString","decl":{"start":{"line":47,"column":4},"end":{"line":49,"column":5}},"loc":{"start":{"line":47,"column":4},"end":{"line":49,"column":5}},"line":47},"7":{"name":"Address","decl":{"start":{"line":8,"column":4},"end":{"line":14,"column":5}},"loc":{"start":{"line":8,"column":4},"end":{"line":14,"column":5}},"line":8}},"f":{"0":9,"1":9,"2":9,"3":9,"4":9,"5":9,"6":0,"7":9}}
,"/home/diego/aulas/ddd_fc/src/domain/entity/customer.ts": {"path":"/home/diego/aulas/ddd_fc/src/domain/entity/customer.ts","all":false,"statementMap":{"0":{"start":{"line":1,"column":0},"end":{"line":1,"column":32}},"1":{"start":{"line":2,"column":0},"end":{"line":2,"column":0}},"2":{"start":{"line":3,"column":0},"end":{"line":3,"column":31}},"3":{"start":{"line":4,"column":0},"end":{"line":4,"column":0}},"4":{"start":{"line":5,"column":0},"end":{"line":5,"column":24}},"5":{"start":{"line":6,"column":0},"end":{"line":6,"column":26}},"6":{"start":{"line":7,"column":0},"end":{"line":7,"column":31}},"7":{"start":{"line":8,"column":0},"end":{"line":8,"column":29}},"8":{"start":{"line":9,"column":0},"end":{"line":9,"column":38}},"9":{"start":{"line":10,"column":0},"end":{"line":10,"column":0}},"10":{"start":{"line":11,"column":0},"end":{"line":11,"column":42}},"11":{"start":{"line":12,"column":0},"end":{"line":12,"column":22}},"12":{"start":{"line":13,"column":0},"end":{"line":13,"column":26}},"13":{"start":{"line":14,"column":0},"end":{"line":14,"column":29}},"14":{"start":{"line":15,"column":0},"end":{"line":15,"column":24}},"15":{"start":{"line":16,"column":0},"end":{"line":16,"column":5}},"16":{"start":{"line":17,"column":0},"end":{"line":17,"column":0}},"17":{"start":{"line":18,"column":0},"end":{"line":18,"column":20}},"18":{"start":{"line":19,"column":0},"end":{"line":19,"column":24}},"19":{"start":{"line":20,"column":0},"end":{"line":20,"column":5}},"20":{"start":{"line":21,"column":0},"end":{"line":21,"column":0}},"21":{"start":{"line":22,"column":0},"end":{"line":22,"column":22}},"22":{"start":{"line":23,"column":0},"end":{"line":23,"column":26}},"23":{"start":{"line":24,"column":0},"end":{"line":24,"column":5}},"24":{"start":{"line":25,"column":0},"end":{"line":25,"column":0}},"25":{"start":{"line":26,"column":0},"end":{"line":26,"column":26}},"26":{"start":{"line":27,"column":0},"end":{"line":27,"column":29}},"27":{"start":{"line":28,"column":0},"end":{"line":28,"column":5}},"28":{"start":{"line":29,"column":0},"end":{"line":29,"column":0}},"29":{"start":{"line":30,"column":0},"end":{"line":30,"column":30}},"30":{"start":{"line":31,"column":0},"end":{"line":31,"column":34}},"31":{"start":{"line":32,"column":0},"end":{"line":32,"column":5}},"32":{"start":{"line":33,"column":0},"end":{"line":33,"column":0}},"33":{"start":{"line":34,"column":0},"end":{"line":34,"column":24}},"34":{"start":{"line":35,"column":0},"end":{"line":35,"column":28}},"35":{"start":{"line":36,"column":0},"end":{"line":36,"column":5}},"36":{"start":{"line":37,"column":0},"end":{"line":37,"column":15}},"37":{"start":{"line":38,"column":0},"end":{"line":38,"column":34}},"38":{"start":{"line":39,"column":0},"end":{"line":39,"column":46}},"39":{"start":{"line":40,"column":0},"end":{"line":40,"column":9}},"40":{"start":{"line":41,"column":0},"end":{"line":41,"column":36}},"41":{"start":{"line":42,"column":0},"end":{"line":42,"column":48}},"42":{"start":{"line":43,"column":0},"end":{"line":43,"column":9}},"43":{"start":{"line":44,"column":0},"end":{"line":44,"column":5}},"44":{"start":{"line":45,"column":0},"end":{"line":45,"column":0}},"45":{"start":{"line":46,"column":0},"end":{"line":46,"column":29}},"46":{"start":{"line":47,"column":0},"end":{"line":47,"column":26}},"47":{"start":{"line":48,"column":0},"end":{"line":48,"column":24}},"48":{"start":{"line":49,"column":0},"end":{"line":49,"column":5}},"49":{"start":{"line":50,"column":0},"end":{"line":50,"column":0}},"50":{"start":{"line":51,"column":0},"end":{"line":51,"column":15}},"51":{"start":{"line":52,"column":0},"end":{"line":52,"column":40}},"52":{"start":{"line":53,"column":0},"end":{"line":53,"column":76}},"53":{"start":{"line":54,"column":0},"end":{"line":54,"column":9}},"54":{"start":{"line":55,"column":0},"end":{"line":55,"column":28}},"55":{"start":{"line":56,"column":0},"end":{"line":56,"column":5}},"56":{"start":{"line":57,"column":0},"end":{"line":57,"column":0}},"57":{"start":{"line":58,"column":0},"end":{"line":58,"column":17}},"58":{"start":{"line":59,"column":0},"end":{"line":59,"column":29}},"59":{"start":{"line":60,"column":0},"end":{"line":60,"column":5}},"60":{"start":{"line":61,"column":0},"end":{"line":61,"column":0}},"61":{"start":{"line":62,"column":0},"end":{"line":62,"column":33}},"62":{"start":{"line":63,"column":0},"end":{"line":63,"column":32}},"63":{"start":{"line":64,"column":0},"end":{"line":64,"column":5}},"64":{"start":{"line":65,"column":0},"end":{"line":65,"column":0}},"65":{"start":{"line":66,"column":0},"end":{"line":66,"column":36}},"66":{"start":{"line":67,"column":0},"end":{"line":67,"column":32}},"67":{"start":{"line":68,"column":0},"end":{"line":68,"column":5}},"68":{"start":{"line":69,"column":0},"end":{"line":69,"column":3}},"69":{"start":{"line":70,"column":0},"end":{"line":70,"column":36}},"70":{"start":{"line":71,"column":0},"end":{"line":71,"column":37}},"71":{"start":{"line":72,"column":0},"end":{"line":72,"column":5}},"72":{"start":{"line":73,"column":0},"end":{"line":73,"column":0}},"73":{"start":{"line":74,"column":0},"end":{"line":74,"column":1}}},"s":{"0":1,"1":1,"2":1,"3":1,"4":1,"5":1,"6":1,"7":1,"8":1,"9":1,"10":1,"11":16,"12":16,"13":16,"14":16,"15":16,"16":1,"17":1,"18":10,"19":10,"20":1,"21":1,"22":10,"23":10,"24":1,"25":1,"26":32,"27":32,"28":1,"29":1,"30":13,"31":13,"32":1,"33":1,"34":11,"35":11,"36":1,"37":18,"38":1,"39":1,"40":18,"41":1,"42":1,"43":18,"44":1,"45":1,"46":2,"47":2,"48":2,"49":1,"50":1,"51":7,"52":1,"53":1,"54":6,"55":6,"56":1,"57":1,"58":1,"59":1,"60":1,"61":1,"62":8,"63":8,"64":1,"65":1,"66":1,"67":1,"68":1,"69":1,"70":7,"71":7,"72":1,"73":1},"branchMap":{"0":{"type":"branch","line":3,"loc":{"start":{"line":3,"column":21},"end":{"line":3,"column":31}},"locations":[{"start":{"line":3,"column":21},"end":{"line":3,"column":31}}]},"1":{"type":"branch","line":18,"loc":{"start":{"line":18,"column":4},"end":{"line":20,"column":5}},"locations":[{"start":{"line":18,"column":4},"end":{"line":20,"column":5}}]},"2":{"type":"branch","line":22,"loc":{"start":{"line":22,"column":4},"end":{"line":24,"column":5}},"locations":[{"start":{"line":22,"column":4},"end":{"line":24,"column":5}}]},"3":{"type":"branch","line":26,"loc":{"start":{"line":26,"column":4},"end":{"line":28,"column":5}},"locations":[{"start":{"line":26,"column":4},"end":{"line":28,"column":5}}]},"4":{"type":"branch","line":30,"loc":{"start":{"line":30,"column":4},"end":{"line":32,"column":5}},"locations":[{"start":{"line":30,"column":4},"end":{"line":32,"column":5}}]},"5":{"type":"branch","line":34,"loc":{"start":{"line":34,"column":4},"end":{"line":36,"column":5}},"locations":[{"start":{"line":34,"column":4},"end":{"line":36,"column":5}}]},"6":{"type":"branch","line":37,"loc":{"start":{"line":37,"column":4},"end":{"line":44,"column":5}},"locations":[{"start":{"line":37,"column":4},"end":{"line":44,"column":5}}]},"7":{"type":"branch","line":38,"loc":{"start":{"line":38,"column":33},"end":{"line":40,"column":9}},"locations":[{"start":{"line":38,"column":33},"end":{"line":40,"column":9}}]},"8":{"type":"branch","line":41,"loc":{"start":{"line":41,"column":-1},"end":{"line":41,"column":35}},"locations":[{"start":{"line":41,"column":-1},"end":{"line":41,"column":35}}]},"9":{"type":"branch","line":41,"loc":{"start":{"line":41,"column":35},"end":{"line":43,"column":9}},"locations":[{"start":{"line":41,"column":35},"end":{"line":43,"column":9}}]},"10":{"type":"branch","line":46,"loc":{"start":{"line":46,"column":4},"end":{"line":49,"column":5}},"locations":[{"start":{"line":46,"column":4},"end":{"line":49,"column":5}}]},"11":{"type":"branch","line":51,"loc":{"start":{"line":51,"column":4},"end":{"line":56,"column":5}},"locations":[{"start":{"line":51,"column":4},"end":{"line":56,"column":5}}]},"12":{"type":"branch","line":52,"loc":{"start":{"line":52,"column":39},"end":{"line":56,"column":5}},"locations":[{"start":{"line":52,"column":39},"end":{"line":56,"column":5}}]},"13":{"type":"branch","line":52,"loc":{"start":{"line":52,"column":39},"end":{"line":54,"column":9}},"locations":[{"start":{"line":52,"column":39},"end":{"line":54,"column":9}}]},"14":{"type":"branch","line":58,"loc":{"start":{"line":58,"column":4},"end":{"line":60,"column":5}},"locations":[{"start":{"line":58,"column":4},"end":{"line":60,"column":5}}]},"15":{"type":"branch","line":62,"loc":{"start":{"line":62,"column":4},"end":{"line":64,"column":5}},"locations":[{"start":{"line":62,"column":4},"end":{"line":64,"column":5}}]},"16":{"type":"branch","line":66,"loc":{"start":{"line":66,"column":4},"end":{"line":68,"column":5}},"locations":[{"start":{"line":66,"column":4},"end":{"line":68,"column":5}}]},"17":{"type":"branch","line":70,"loc":{"start":{"line":70,"column":4},"end":{"line":72,"column":5}},"locations":[{"start":{"line":70,"column":4},"end":{"line":72,"column":5}}]},"18":{"type":"branch","line":11,"loc":{"start":{"line":11,"column":4},"end":{"line":16,"column":5}},"locations":[{"start":{"line":11,"column":4},"end":{"line":16,"column":5}}]}},"b":{"0":[16],"1":[10],"2":[10],"3":[32],"4":[13],"5":[11],"6":[18],"7":[1],"8":[17],"9":[1],"10":[2],"11":[7],"12":[6],"13":[1],"14":[1],"15":[8],"16":[1],"17":[7],"18":[16]},"fnMap":{"0":{"name":"get","decl":{"start":{"line":3,"column":21},"end":{"line":3,"column":31}},"loc":{"start":{"line":3,"column":21},"end":{"line":3,"column":31}},"line":3},"1":{"name":"getId","decl":{"start":{"line":18,"column":4},"end":{"line":20,"column":5}},"loc":{"start":{"line":18,"column":4},"end":{"line":20,"column":5}},"line":18},"2":{"name":"getName","decl":{"start":{"line":22,"column":4},"end":{"line":24,"column":5}},"loc":{"start":{"line":22,"column":4},"end":{"line":24,"column":5}},"line":22},"3":{"name":"getAddress","decl":{"start":{"line":26,"column":4},"end":{"line":28,"column":5}},"loc":{"start":{"line":26,"column":4},"end":{"line":28,"column":5}},"line":26},"4":{"name":"getRewardPoints","decl":{"start":{"line":30,"column":4},"end":{"line":32,"column":5}},"loc":{"start":{"line":30,"column":4},"end":{"line":32,"column":5}},"line":30},"5":{"name":"isActive","decl":{"start":{"line":34,"column":4},"end":{"line":36,"column":5}},"loc":{"start":{"line":34,"column":4},"end":{"line":36,"column":5}},"line":34},"6":{"name":"validate","decl":{"start":{"line":37,"column":4},"end":{"line":44,"column":5}},"loc":{"start":{"line":37,"column":4},"end":{"line":44,"column":5}},"line":37},"7":{"name":"changeName","decl":{"start":{"line":46,"column":4},"end":{"line":49,"column":5}},"loc":{"start":{"line":46,"column":4},"end":{"line":49,"column":5}},"line":46},"8":{"name":"activate","decl":{"start":{"line":51,"column":4},"end":{"line":56,"column":5}},"loc":{"start":{"line":51,"column":4},"end":{"line":56,"column":5}},"line":51},"9":{"name":"deactivate","decl":{"start":{"line":58,"column":4},"end":{"line":60,"column":5}},"loc":{"start":{"line":58,"column":4},"end":{"line":60,"column":5}},"line":58},"10":{"name":"setAddress","decl":{"start":{"line":62,"column":4},"end":{"line":64,"column":5}},"loc":{"start":{"line":62,"column":4},"end":{"line":64,"column":5}},"line":62},"11":{"name":"changeAddress","decl":{"start":{"line":66,"column":4},"end":{"line":68,"column":5}},"loc":{"start":{"line":66,"column":4},"end":{"line":68,"column":5}},"line":66},"12":{"name":"addRewardPoints","decl":{"start":{"line":70,"column":4},"end":{"line":72,"column":5}},"loc":{"start":{"line":70,"column":4},"end":{"line":72,"column":5}},"line":70},"13":{"name":"Customer","decl":{"start":{"line":11,"column":4},"end":{"line":16,"column":5}},"loc":{"start":{"line":11,"column":4},"end":{"line":16,"column":5}},"line":11}},"f":{"0":16,"1":10,"2":10,"3":32,"4":13,"5":11,"6":18,"7":2,"8":7,"9":1,"10":8,"11":1,"12":7,"13":16}}
,"/home/diego/aulas/ddd_fc/src/domain/entity/order.ts": {"path":"/home/diego/aulas/ddd_fc/src/domain/entity/order.ts","all":false,"statementMap":{"0":{"start":{"line":1,"column":0},"end":{"line":1,"column":37}},"1":{"start":{"line":2,"column":0},"end":{"line":2,"column":0}},"2":{"start":{"line":3,"column":0},"end":{"line":3,"column":27}},"3":{"start":{"line":4,"column":0},"end":{"line":4,"column":0}},"4":{"start":{"line":5,"column":0},"end":{"line":5,"column":24}},"5":{"start":{"line":6,"column":0},"end":{"line":6,"column":32}},"6":{"start":{"line":7,"column":0},"end":{"line":7,"column":32}},"7":{"start":{"line":8,"column":0},"end":{"line":8,"column":27}},"8":{"start":{"line":9,"column":0},"end":{"line":9,"column":0}},"9":{"start":{"line":10,"column":0},"end":{"line":10,"column":68}},"10":{"start":{"line":11,"column":0},"end":{"line":11,"column":22}},"11":{"start":{"line":12,"column":0},"end":{"line":12,"column":38}},"12":{"start":{"line":13,"column":0},"end":{"line":13,"column":28}},"13":{"start":{"line":14,"column":0},"end":{"line":14,"column":35}},"14":{"start":{"line":15,"column":0},"end":{"line":15,"column":24}},"15":{"start":{"line":16,"column":0},"end":{"line":16,"column":5}},"16":{"start":{"line":17,"column":0},"end":{"line":17,"column":0}},"17":{"start":{"line":18,"column":0},"end":{"line":18,"column":24}},"18":{"start":{"line":19,"column":0},"end":{"line":19,"column":34}},"19":{"start":{"line":20,"column":0},"end":{"line":20,"column":46}},"20":{"start":{"line":21,"column":0},"end":{"line":21,"column":9}},"21":{"start":{"line":22,"column":0},"end":{"line":22,"column":42}},"22":{"start":{"line":23,"column":0},"end":{"line":23,"column":54}},"23":{"start":{"line":24,"column":0},"end":{"line":24,"column":9}},"24":{"start":{"line":25,"column":0},"end":{"line":25,"column":37}},"25":{"start":{"line":26,"column":0},"end":{"line":26,"column":50}},"26":{"start":{"line":27,"column":0},"end":{"line":27,"column":9}},"27":{"start":{"line":28,"column":0},"end":{"line":28,"column":62}},"28":{"start":{"line":29,"column":0},"end":{"line":29,"column":63}},"29":{"start":{"line":30,"column":0},"end":{"line":30,"column":9}},"30":{"start":{"line":31,"column":0},"end":{"line":31,"column":20}},"31":{"start":{"line":32,"column":0},"end":{"line":32,"column":5}},"32":{"start":{"line":33,"column":0},"end":{"line":33,"column":0}},"33":{"start":{"line":34,"column":0},"end":{"line":34,"column":20}},"34":{"start":{"line":35,"column":0},"end":{"line":35,"column":75}},"35":{"start":{"line":36,"column":0},"end":{"line":36,"column":5}},"36":{"start":{"line":37,"column":0},"end":{"line":37,"column":1}}},"s":{"0":1,"1":1,"2":1,"3":1,"4":1,"5":1,"6":1,"7":1,"8":1,"9":1,"10":8,"11":8,"12":8,"13":8,"14":8,"15":8,"16":1,"17":1,"18":8,"19":1,"20":1,"21":8,"22":1,"23":1,"24":8,"25":1,"26":1,"27":8,"28":0,"29":0,"30":5,"31":5,"32":1,"33":1,"34":14,"35":14,"36":1},"branchMap":{"0":{"type":"branch","line":3,"loc":{"start":{"line":3,"column":21},"end":{"line":3,"column":27}},"locations":[{"start":{"line":3,"column":21},"end":{"line":3,"column":27}}]},"1":{"type":"branch","line":18,"loc":{"start":{"line":18,"column":4},"end":{"line":32,"column":5}},"locations":[{"start":{"line":18,"column":4},"end":{"line":32,"column":5}}]},"2":{"type":"branch","line":19,"loc":{"start":{"line":19,"column":33},"end":{"line":21,"column":9}},"locations":[{"start":{"line":19,"column":33},"end":{"line":21,"column":9}}]},"3":{"type":"branch","line":22,"loc":{"start":{"line":22,"column":-1},"end":{"line":22,"column":41}},"locations":[{"start":{"line":22,"column":-1},"end":{"line":22,"column":41}}]},"4":{"type":"branch","line":22,"loc":{"start":{"line":22,"column":41},"end":{"line":24,"column":9}},"locations":[{"start":{"line":22,"column":41},"end":{"line":24,"column":9}}]},"5":{"type":"branch","line":25,"loc":{"start":{"line":25,"column":-1},"end":{"line":25,"column":36}},"locations":[{"start":{"line":25,"column":-1},"end":{"line":25,"column":36}}]},"6":{"type":"branch","line":25,"loc":{"start":{"line":25,"column":36},"end":{"line":27,"column":9}},"locations":[{"start":{"line":25,"column":36},"end":{"line":27,"column":9}}]},"7":{"type":"branch","line":28,"loc":{"start":{"line":28,"column":-1},"end":{"line":28,"column":61}},"locations":[{"start":{"line":28,"column":-1},"end":{"line":28,"column":61}}]},"8":{"type":"branch","line":28,"loc":{"start":{"line":28,"column":61},"end":{"line":30,"column":9}},"locations":[{"start":{"line":28,"column":61},"end":{"line":30,"column":9}}]},"9":{"type":"branch","line":31,"loc":{"start":{"line":31,"column":-1},"end":{"line":32,"column":5}},"locations":[{"start":{"line":31,"column":-1},"end":{"line":32,"column":5}}]},"10":{"type":"branch","line":28,"loc":{"start":{"line":28,"column":28},"end":{"line":28,"column":61}},"locations":[{"start":{"line":28,"column":28},"end":{"line":28,"column":61}}]},"11":{"type":"branch","line":34,"loc":{"start":{"line":34,"column":4},"end":{"line":36,"column":5}},"locations":[{"start":{"line":34,"column":4},"end":{"line":36,"column":5}}]},"12":{"type":"branch","line":35,"loc":{"start":{"line":35,"column":34},"end":{"line":35,"column":72}},"locations":[{"start":{"line":35,"column":34},"end":{"line":35,"column":72}}]},"13":{"type":"branch","line":10,"loc":{"start":{"line":10,"column":4},"end":{"line":16,"column":5}},"locations":[{"start":{"line":10,"column":4},"end":{"line":16,"column":5}}]}},"b":{"0":[8],"1":[8],"2":[1],"3":[7],"4":[1],"5":[6],"6":[1],"7":[5],"8":[0],"9":[5],"10":[6],"11":[14],"12":[13],"13":[8]},"fnMap":{"0":{"name":"get","decl":{"start":{"line":3,"column":21},"end":{"line":3,"column":27}},"loc":{"start":{"line":3,"column":21},"end":{"line":3,"column":27}},"line":3},"1":{"name":"validate","decl":{"start":{"line":18,"column":4},"end":{"line":32,"column":5}},"loc":{"start":{"line":18,"column":4},"end":{"line":32,"column":5}},"line":18},"2":{"name":"total","decl":{"start":{"line":34,"column":4},"end":{"line":36,"column":5}},"loc":{"start":{"line":34,"column":4},"end":{"line":36,"column":5}},"line":34},"3":{"name":"Order","decl":{"start":{"line":10,"column":4},"end":{"line":16,"column":5}},"loc":{"start":{"line":10,"column":4},"end":{"line":16,"column":5}},"line":10}},"f":{"0":8,"1":8,"2":14,"3":8}}
,"/home/diego/aulas/ddd_fc/src/domain/entity/order_item.ts": {"path":"/home/diego/aulas/ddd_fc/src/domain/entity/order_item.ts","all":false,"statementMap":{"0":{"start":{"line":1,"column":0},"end":{"line":1,"column":31}},"1":{"start":{"line":2,"column":0},"end":{"line":2,"column":0}},"2":{"start":{"line":3,"column":0},"end":{"line":3,"column":24}},"3":{"start":{"line":4,"column":0},"end":{"line":4,"column":31}},"4":{"start":{"line":5,"column":0},"end":{"line":5,"column":26}},"5":{"start":{"line":6,"column":0},"end":{"line":6,"column":27}},"6":{"start":{"line":7,"column":0},"end":{"line":7,"column":30}},"7":{"start":{"line":8,"column":0},"end":{"line":8,"column":0}},"8":{"start":{"line":9,"column":0},"end":{"line":9,"column":94}},"9":{"start":{"line":10,"column":0},"end":{"line":10,"column":22}},"10":{"start":{"line":11,"column":0},"end":{"line":11,"column":26}},"11":{"start":{"line":12,"column":0},"end":{"line":12,"column":28}},"12":{"start":{"line":13,"column":0},"end":{"line":13,"column":36}},"13":{"start":{"line":14,"column":0},"end":{"line":14,"column":34}},"14":{"start":{"line":15,"column":0},"end":{"line":15,"column":24}},"15":{"start":{"line":16,"column":0},"end":{"line":16,"column":5}},"16":{"start":{"line":17,"column":0},"end":{"line":17,"column":0}},"17":{"start":{"line":18,"column":0},"end":{"line":18,"column":25}},"18":{"start":{"line":19,"column":0},"end":{"line":19,"column":34}},"19":{"start":{"line":20,"column":0},"end":{"line":20,"column":46}},"20":{"start":{"line":21,"column":0},"end":{"line":21,"column":9}},"21":{"start":{"line":22,"column":0},"end":{"line":22,"column":36}},"22":{"start":{"line":23,"column":0},"end":{"line":23,"column":48}},"23":{"start":{"line":24,"column":0},"end":{"line":24,"column":9}},"24":{"start":{"line":25,"column":0},"end":{"line":25,"column":41}},"25":{"start":{"line":26,"column":0},"end":{"line":26,"column":53}},"26":{"start":{"line":27,"column":0},"end":{"line":27,"column":9}},"27":{"start":{"line":28,"column":0},"end":{"line":28,"column":29}},"28":{"start":{"line":29,"column":0},"end":{"line":29,"column":60}},"29":{"start":{"line":30,"column":0},"end":{"line":30,"column":9}},"30":{"start":{"line":31,"column":0},"end":{"line":31,"column":32}},"31":{"start":{"line":32,"column":0},"end":{"line":32,"column":63}},"32":{"start":{"line":33,"column":0},"end":{"line":33,"column":9}},"33":{"start":{"line":34,"column":0},"end":{"line":34,"column":20}},"34":{"start":{"line":35,"column":0},"end":{"line":35,"column":5}},"35":{"start":{"line":36,"column":0},"end":{"line":36,"column":0}},"36":{"start":{"line":37,"column":0},"end":{"line":37,"column":27}},"37":{"start":{"line":38,"column":0},"end":{"line":38,"column":30}},"38":{"start":{"line":39,"column":0},"end":{"line":39,"column":5}},"39":{"start":{"line":40,"column":0},"end":{"line":40,"column":0}},"40":{"start":{"line":41,"column":0},"end":{"line":41,"column":23}},"41":{"start":{"line":42,"column":0},"end":{"line":42,"column":44}},"42":{"start":{"line":43,"column":0},"end":{"line":43,"column":5}},"43":{"start":{"line":44,"column":0},"end":{"line":44,"column":1}}},"s":{"0":1,"1":1,"2":1,"3":1,"4":1,"5":1,"6":1,"7":1,"8":1,"9":11,"10":11,"11":11,"12":11,"13":11,"14":11,"15":11,"16":1,"17":1,"18":11,"19":1,"20":1,"21":11,"22":1,"23":1,"24":11,"25":1,"26":1,"27":11,"28":1,"29":1,"30":7,"31":2,"32":2,"33":5,"34":5,"35":1,"36":1,"37":6,"38":6,"39":1,"40":1,"41":13,"42":13,"43":1},"branchMap":{"0":{"type":"branch","line":1,"loc":{"start":{"line":1,"column":21},"end":{"line":1,"column":31}},"locations":[{"start":{"line":1,"column":21},"end":{"line":1,"column":31}}]},"1":{"type":"branch","line":18,"loc":{"start":{"line":18,"column":4},"end":{"line":35,"column":5}},"locations":[{"start":{"line":18,"column":4},"end":{"line":35,"column":5}}]},"2":{"type":"branch","line":19,"loc":{"start":{"line":19,"column":33},"end":{"line":21,"column":9}},"locations":[{"start":{"line":19,"column":33},"end":{"line":21,"column":9}}]},"3":{"type":"branch","line":22,"loc":{"start":{"line":22,"column":-1},"end":{"line":22,"column":35}},"locations":[{"start":{"line":22,"column":-1},"end":{"line":22,"column":35}}]},"4":{"type":"branch","line":22,"loc":{"start":{"line":22,"column":35},"end":{"line":24,"column":9}},"locations":[{"start":{"line":22,"column":35},"end":{"line":24,"column":9}}]},"5":{"type":"branch","line":25,"loc":{"start":{"line":25,"column":-1},"end":{"line":25,"column":40}},"locations":[{"start":{"line":25,"column":-1},"end":{"line":25,"column":40}}]},"6":{"type":"branch","line":25,"loc":{"start":{"line":25,"column":40},"end":{"line":27,"column":9}},"locations":[{"start":{"line":25,"column":40},"end":{"line":27,"column":9}}]},"7":{"type":"branch","line":28,"loc":{"start":{"line":28,"column":-1},"end":{"line":28,"column":28}},"locations":[{"start":{"line":28,"column":-1},"end":{"line":28,"column":28}}]},"8":{"type":"branch","line":28,"loc":{"start":{"line":28,"column":28},"end":{"line":33,"column":9}},"locations":[{"start":{"line":28,"column":28},"end":{"line":33,"column":9}}]},"9":{"type":"branch","line":28,"loc":{"start":{"line":28,"column":28},"end":{"line":30,"column":9}},"locations":[{"start":{"line":28,"column":28},"end":{"line":30,"column":9}}]},"10":{"type":"branch","line":31,"loc":{"start":{"line":31,"column":31},"end":{"line":33,"column":9}},"locations":[{"start":{"line":31,"column":31},"end":{"line":33,"column":9}}]},"11":{"type":"branch","line":34,"loc":{"start":{"line":34,"column":-1},"end":{"line":35,"column":5}},"locations":[{"start":{"line":34,"column":-1},"end":{"line":35,"column":5}}]},"12":{"type":"branch","line":37,"loc":{"start":{"line":37,"column":4},"end":{"line":39,"column":5}},"locations":[{"start":{"line":37,"column":4},"end":{"line":39,"column":5}}]},"13":{"type":"branch","line":41,"loc":{"start":{"line":41,"column":4},"end":{"line":43,"column":5}},"locations":[{"start":{"line":41,"column":4},"end":{"line":43,"column":5}}]},"14":{"type":"branch","line":9,"loc":{"start":{"line":9,"column":4},"end":{"line":16,"column":5}},"locations":[{"start":{"line":9,"column":4},"end":{"line":16,"column":5}}]}},"b":{"0":[11],"1":[11],"2":[1],"3":[10],"4":[1],"5":[9],"6":[1],"7":[8],"8":[7],"9":[1],"10":[2],"11":[5],"12":[6],"13":[13],"14":[11]},"fnMap":{"0":{"name":"get","decl":{"start":{"line":1,"column":21},"end":{"line":1,"column":31}},"loc":{"start":{"line":1,"column":21},"end":{"line":1,"column":31}},"line":1},"1":{"name":"validate","decl":{"start":{"line":18,"column":4},"end":{"line":35,"column":5}},"loc":{"start":{"line":18,"column":4},"end":{"line":35,"column":5}},"line":18},"2":{"name":"getQuantity","decl":{"start":{"line":37,"column":4},"end":{"line":39,"column":5}},"loc":{"start":{"line":37,"column":4},"end":{"line":39,"column":5}},"line":37},"3":{"name":"getPrice","decl":{"start":{"line":41,"column":4},"end":{"line":43,"column":5}},"loc":{"start":{"line":41,"column":4},"end":{"line":43,"column":5}},"line":41},"4":{"name":"OrderItem","decl":{"start":{"line":9,"column":4},"end":{"line":16,"column":5}},"loc":{"start":{"line":9,"column":4},"end":{"line":16,"column":5}},"line":9}},"f":{"0":11,"1":11,"2":6,"3":13,"4":11}}
,"/home/diego/aulas/ddd_fc/src/domain/entity/product.ts": {"path":"/home/diego/aulas/ddd_fc/src/domain/entity/product.ts","all":false,"statementMap":{"0":{"start":{"line":1,"column":0},"end":{"line":1,"column":30}},"1":{"start":{"line":2,"column":0},"end":{"line":2,"column":0}},"2":{"start":{"line":3,"column":0},"end":{"line":3,"column":24}},"3":{"start":{"line":4,"column":0},"end":{"line":4,"column":26}},"4":{"start":{"line":5,"column":0},"end":{"line":5,"column":27}},"5":{"start":{"line":6,"column":0},"end":{"line":6,"column":0}},"6":{"start":{"line":7,"column":0},"end":{"line":7,"column":57}},"7":{"start":{"line":8,"column":0},"end":{"line":8,"column":22}},"8":{"start":{"line":9,"column":0},"end":{"line":9,"column":26}},"9":{"start":{"line":10,"column":0},"end":{"line":10,"column":28}},"10":{"start":{"line":11,"column":0},"end":{"line":11,"column":24}},"11":{"start":{"line":12,"column":0},"end":{"line":12,"column":5}},"12":{"start":{"line":13,"column":0},"end":{"line":13,"column":0}},"13":{"start":{"line":14,"column":0},"end":{"line":14,"column":21}},"14":{"start":{"line":15,"column":0},"end":{"line":15,"column":24}},"15":{"start":{"line":16,"column":0},"end":{"line":16,"column":5}},"16":{"start":{"line":17,"column":0},"end":{"line":17,"column":0}},"17":{"start":{"line":18,"column":0},"end":{"line":18,"column":23}},"18":{"start":{"line":19,"column":0},"end":{"line":19,"column":26}},"19":{"start":{"line":20,"column":0},"end":{"line":20,"column":5}},"20":{"start":{"line":21,"column":0},"end":{"line":21,"column":0}},"21":{"start":{"line":22,"column":0},"end":{"line":22,"column":23}},"22":{"start":{"line":23,"column":0},"end":{"line":23,"column":27}},"23":{"start":{"line":24,"column":0},"end":{"line":24,"column":5}},"24":{"start":{"line":25,"column":0},"end":{"line":25,"column":0}},"25":{"start":{"line":26,"column":0},"end":{"line":26,"column":24}},"26":{"start":{"line":27,"column":0},"end":{"line":27,"column":34}},"27":{"start":{"line":28,"column":0},"end":{"line":28,"column":46}},"28":{"start":{"line":29,"column":0},"end":{"line":29,"column":9}},"29":{"start":{"line":30,"column":0},"end":{"line":30,"column":36}},"30":{"start":{"line":31,"column":0},"end":{"line":31,"column":48}},"31":{"start":{"line":32,"column":0},"end":{"line":32,"column":9}},"32":{"start":{"line":33,"column":0},"end":{"line":33,"column":29}},"33":{"start":{"line":34,"column":0},"end":{"line":34,"column":63}},"34":{"start":{"line":35,"column":0},"end":{"line":35,"column":9}},"35":{"start":{"line":36,"column":0},"end":{"line":36,"column":20}},"36":{"start":{"line":37,"column":0},"end":{"line":37,"column":5}},"37":{"start":{"line":38,"column":0},"end":{"line":38,"column":0}},"38":{"start":{"line":39,"column":0},"end":{"line":39,"column":29}},"39":{"start":{"line":40,"column":0},"end":{"line":40,"column":26}},"40":{"start":{"line":41,"column":0},"end":{"line":41,"column":24}},"41":{"start":{"line":42,"column":0},"end":{"line":42,"column":5}},"42":{"start":{"line":43,"column":0},"end":{"line":43,"column":0}},"43":{"start":{"line":44,"column":0},"end":{"line":44,"column":31}},"44":{"start":{"line":45,"column":0},"end":{"line":45,"column":28}},"45":{"start":{"line":46,"column":0},"end":{"line":46,"column":24}},"46":{"start":{"line":47,"column":0},"end":{"line":47,"column":5}},"47":{"start":{"line":48,"column":0},"end":{"line":48,"column":0}},"48":{"start":{"line":49,"column":0},"end":{"line":49,"column":1}}},"s":{"0":1,"1":1,"2":1,"3":1,"4":1,"5":1,"6":1,"7":15,"8":15,"9":15,"10":15,"11":15,"12":1,"13":1,"14":7,"15":7,"16":1,"17":1,"18":8,"19":8,"20":1,"21":1,"22":14,"23":14,"24":1,"25":1,"26":21,"27":1,"28":1,"29":21,"30":1,"31":1,"32":21,"33":1,"34":1,"35":18,"36":18,"37":1,"38":1,"39":2,"40":2,"41":2,"42":1,"43":1,"44":4,"45":4,"46":4,"47":1,"48":1},"branchMap":{"0":{"type":"branch","line":1,"loc":{"start":{"line":1,"column":21},"end":{"line":1,"column":30}},"locations":[{"start":{"line":1,"column":21},"end":{"line":1,"column":30}}]},"1":{"type":"branch","line":14,"loc":{"start":{"line":14,"column":4},"end":{"line":16,"column":5}},"locations":[{"start":{"line":14,"column":4},"end":{"line":16,"column":5}}]},"2":{"type":"branch","line":18,"loc":{"start":{"line":18,"column":4},"end":{"line":20,"column":5}},"locations":[{"start":{"line":18,"column":4},"end":{"line":20,"column":5}}]},"3":{"type":"branch","line":22,"loc":{"start":{"line":22,"column":4},"end":{"line":24,"column":5}},"locations":[{"start":{"line":22,"column":4},"end":{"line":24,"column":5}}]},"4":{"type":"branch","line":26,"loc":{"start":{"line":26,"column":4},"end":{"line":37,"column":5}},"locations":[{"start":{"line":26,"column":4},"end":{"line":37,"column":5}}]},"5":{"type":"branch","line":27,"loc":{"start":{"line":27,"column":33},"end":{"line":29,"column":9}},"locations":[{"start":{"line":27,"column":33},"end":{"line":29,"column":9}}]},"6":{"type":"branch","line":30,"loc":{"start":{"line":30,"column":-1},"end":{"line":30,"column":35}},"locations":[{"start":{"line":30,"column":-1},"end":{"line":30,"column":35}}]},"7":{"type":"branch","line":30,"loc":{"start":{"line":30,"column":35},"end":{"line":32,"column":9}},"locations":[{"start":{"line":30,"column":35},"end":{"line":32,"column":9}}]},"8":{"type":"branch","line":33,"loc":{"start":{"line":33,"column":-1},"end":{"line":33,"column":28}},"locations":[{"start":{"line":33,"column":-1},"end":{"line":33,"column":28}}]},"9":{"type":"branch","line":33,"loc":{"start":{"line":33,"column":28},"end":{"line":35,"column":9}},"locations":[{"start":{"line":33,"column":28},"end":{"line":35,"column":9}}]},"10":{"type":"branch","line":36,"loc":{"start":{"line":36,"column":-1},"end":{"line":37,"column":5}},"locations":[{"start":{"line":36,"column":-1},"end":{"line":37,"column":5}}]},"11":{"type":"branch","line":39,"loc":{"start":{"line":39,"column":4},"end":{"line":42,"column":5}},"locations":[{"start":{"line":39,"column":4},"end":{"line":42,"column":5}}]},"12":{"type":"branch","line":44,"loc":{"start":{"line":44,"column":4},"end":{"line":47,"column":5}},"locations":[{"start":{"line":44,"column":4},"end":{"line":47,"column":5}}]},"13":{"type":"branch","line":7,"loc":{"start":{"line":7,"column":4},"end":{"line":12,"column":5}},"locations":[{"start":{"line":7,"column":4},"end":{"line":12,"column":5}}]}},"b":{"0":[15],"1":[7],"2":[8],"3":[14],"4":[21],"5":[1],"6":[20],"7":[1],"8":[19],"9":[1],"10":[18],"11":[2],"12":[4],"13":[15]},"fnMap":{"0":{"name":"get","decl":{"start":{"line":1,"column":21},"end":{"line":1,"column":30}},"loc":{"start":{"line":1,"column":21},"end":{"line":1,"column":30}},"line":1},"1":{"name":"getId","decl":{"start":{"line":14,"column":4},"end":{"line":16,"column":5}},"loc":{"start":{"line":14,"column":4},"end":{"line":16,"column":5}},"line":14},"2":{"name":"getName","decl":{"start":{"line":18,"column":4},"end":{"line":20,"column":5}},"loc":{"start":{"line":18,"column":4},"end":{"line":20,"column":5}},"line":18},"3":{"name":"getPrice","decl":{"start":{"line":22,"column":4},"end":{"line":24,"column":5}},"loc":{"start":{"line":22,"column":4},"end":{"line":24,"column":5}},"line":22},"4":{"name":"validate","decl":{"start":{"line":26,"column":4},"end":{"line":37,"column":5}},"loc":{"start":{"line":26,"column":4},"end":{"line":37,"column":5}},"line":26},"5":{"name":"changeName","decl":{"start":{"line":39,"column":4},"end":{"line":42,"column":5}},"loc":{"start":{"line":39,"column":4},"end":{"line":42,"column":5}},"line":39},"6":{"name":"changePrice","decl":{"start":{"line":44,"column":4},"end":{"line":47,"column":5}},"loc":{"start":{"line":44,"column":4},"end":{"line":47,"column":5}},"line":44},"7":{"name":"Product","decl":{"start":{"line":7,"column":4},"end":{"line":12,"column":5}},"loc":{"start":{"line":7,"column":4},"end":{"line":12,"column":5}},"line":7}},"f":{"0":15,"1":7,"2":8,"3":14,"4":21,"5":2,"6":4,"7":15}}
,"/home/diego/aulas/ddd_fc/src/domain/service/order.service.ts": {"path":"/home/diego/aulas/ddd_fc/src/domain/service/order.service.ts","all":false,"statementMap":{"0":{"start":{"line":1,"column":0},"end":{"line":1,"column":0}},"1":{"start":{"line":2,"column":0},"end":{"line":2,"column":32}},"2":{"start":{"line":3,"column":0},"end":{"line":3,"column":42}},"3":{"start":{"line":4,"column":0},"end":{"line":4,"column":36}},"4":{"start":{"line":5,"column":0},"end":{"line":5,"column":45}},"5":{"start":{"line":6,"column":0},"end":{"line":6,"column":0}},"6":{"start":{"line":7,"column":0},"end":{"line":7,"column":34}},"7":{"start":{"line":8,"column":0},"end":{"line":8,"column":0}},"8":{"start":{"line":9,"column":0},"end":{"line":9,"column":69}},"9":{"start":{"line":10,"column":0},"end":{"line":10,"column":0}},"10":{"start":{"line":11,"column":0},"end":{"line":11,"column":31}},"11":{"start":{"line":12,"column":0},"end":{"line":12,"column":65}},"12":{"start":{"line":13,"column":0},"end":{"line":13,"column":9}},"13":{"start":{"line":14,"column":0},"end":{"line":14,"column":0}},"14":{"start":{"line":15,"column":0},"end":{"line":15,"column":65}},"15":{"start":{"line":16,"column":0},"end":{"line":16,"column":50}},"16":{"start":{"line":17,"column":0},"end":{"line":17,"column":0}},"17":{"start":{"line":18,"column":0},"end":{"line":18,"column":21}},"18":{"start":{"line":19,"column":0},"end":{"line":19,"column":5}},"19":{"start":{"line":20,"column":0},"end":{"line":20,"column":0}},"20":{"start":{"line":21,"column":0},"end":{"line":21,"column":42}},"21":{"start":{"line":22,"column":0},"end":{"line":22,"column":68}},"22":{"start":{"line":23,"column":0},"end":{"line":23,"column":5}},"23":{"start":{"line":24,"column":0},"end":{"line":24,"column":1}}},"s":{"0":1,"1":1,"2":1,"3":1,"4":1,"5":1,"6":1,"7":1,"8":1,"9":1,"10":1,"11":0,"12":0,"13":1,"14":1,"15":1,"16":1,"17":1,"18":1,"19":1,"20":1,"21":1,"22":1,"23":1},"branchMap":{"0":{"type":"branch","line":7,"loc":{"start":{"line":7,"column":21},"end":{"line":7,"column":34}},"locations":[{"start":{"line":7,"column":21},"end":{"line":7,"column":34}}]},"1":{"type":"branch","line":9,"loc":{"start":{"line":9,"column":11},"end":{"line":19,"column":5}},"locations":[{"start":{"line":9,"column":11},"end":{"line":19,"column":5}}]},"2":{"type":"branch","line":11,"loc":{"start":{"line":11,"column":30},"end":{"line":13,"column":9}},"locations":[{"start":{"line":11,"column":30},"end":{"line":13,"column":9}}]},"3":{"type":"branch","line":21,"loc":{"start":{"line":21,"column":11},"end":{"line":23,"column":5}},"locations":[{"start":{"line":21,"column":11},"end":{"line":23,"column":5}}]},"4":{"type":"branch","line":22,"loc":{"start":{"line":22,"column":29},"end":{"line":22,"column":65}},"locations":[{"start":{"line":22,"column":29},"end":{"line":22,"column":65}}]}},"b":{"0":[2],"1":[1],"2":[0],"3":[1],"4":[2]},"fnMap":{"0":{"name":"get","decl":{"start":{"line":7,"column":21},"end":{"line":7,"column":34}},"loc":{"start":{"line":7,"column":21},"end":{"line":7,"column":34}},"line":7},"1":{"name":"placeOrder","decl":{"start":{"line":9,"column":11},"end":{"line":19,"column":5}},"loc":{"start":{"line":9,"column":11},"end":{"line":19,"column":5}},"line":9},"2":{"name":"total","decl":{"start":{"line":21,"column":11},"end":{"line":23,"column":5}},"loc":{"start":{"line":21,"column":11},"end":{"line":23,"column":5}},"line":21}},"f":{"0":2,"1":1,"2":1}}
,"/home/diego/aulas/ddd_fc/src/domain/service/product.service.ts": {"path":"/home/diego/aulas/ddd_fc/src/domain/service/product.service.ts","all":false,"statementMap":{"0":{"start":{"line":1,"column":0},"end":{"line":1,"column":40}},"1":{"start":{"line":2,"column":0},"end":{"line":2,"column":0}},"2":{"start":{"line":3,"column":0},"end":{"line":3,"column":37}},"3":{"start":{"line":4,"column":0},"end":{"line":4,"column":0}},"4":{"start":{"line":5,"column":0},"end":{"line":5,"column":73}},"5":{"start":{"line":6,"column":0},"end":{"line":6,"column":37}},"6":{"start":{"line":7,"column":0},"end":{"line":7,"column":92}},"7":{"start":{"line":8,"column":0},"end":{"line":8,"column":11}},"8":{"start":{"line":9,"column":0},"end":{"line":9,"column":5}},"9":{"start":{"line":10,"column":0},"end":{"line":10,"column":1}}},"s":{"0":1,"1":1,"2":1,"3":1,"4":1,"5":1,"6":2,"7":2,"8":1,"9":1},"branchMap":{"0":{"type":"branch","line":3,"loc":{"start":{"line":3,"column":21},"end":{"line":3,"column":37}},"locations":[{"start":{"line":3,"column":21},"end":{"line":3,"column":37}}]},"1":{"type":"branch","line":5,"loc":{"start":{"line":5,"column":11},"end":{"line":9,"column":5}},"locations":[{"start":{"line":5,"column":11},"end":{"line":9,"column":5}}]},"2":{"type":"branch","line":6,"loc":{"start":{"line":6,"column":25},"end":{"line":8,"column":11}},"locations":[{"start":{"line":6,"column":25},"end":{"line":8,"column":11}}]}},"b":{"0":[1],"1":[1],"2":[2]},"fnMap":{"0":{"name":"get","decl":{"start":{"line":3,"column":21},"end":{"line":3,"column":37}},"loc":{"start":{"line":3,"column":21},"end":{"line":3,"column":37}},"line":3},"1":{"name":"increasePrice","decl":{"start":{"line":5,"column":11},"end":{"line":9,"column":5}},"loc":{"start":{"line":5,"column":11},"end":{"line":9,"column":5}},"line":5}},"f":{"0":1,"1":1}}
,"/home/diego/aulas/ddd_fc/src/infrastructure/db/sequelize/model/customer.model.ts": {"path":"/home/diego/aulas/ddd_fc/src/infrastructure/db/sequelize/model/customer.model.ts","all":false,"statementMap":{"0":{"start":{"line":1,"column":0},"end":{"line":1,"column":72}},"1":{"start":{"line":2,"column":0},"end":{"line":2,"column":0}},"2":{"start":{"line":3,"column":0},"end":{"line":3,"column":8}},"3":{"start":{"line":4,"column":0},"end":{"line":4,"column":27}},"4":{"start":{"line":5,"column":0},"end":{"line":5,"column":22}},"5":{"start":{"line":6,"column":0},"end":{"line":6,"column":2}},"6":{"start":{"line":7,"column":0},"end":{"line":7,"column":49}},"7":{"start":{"line":8,"column":0},"end":{"line":8,"column":0}},"8":{"start":{"line":9,"column":0},"end":{"line":9,"column":15}},"9":{"start":{"line":10,"column":0},"end":{"line":10,"column":11}},"10":{"start":{"line":11,"column":0},"end":{"line":11,"column":23}},"11":{"start":{"line":12,"column":0},"end":{"line":12,"column":0}},"12":{"start":{"line":13,"column":0},"end":{"line":13,"column":31}},"13":{"start":{"line":14,"column":0},"end":{"line":14,"column":25}},"14":{"start":{"line":15,"column":0},"end":{"line":15,"column":0}},"15":{"start":{"line":16,"column":0},"end":{"line":16,"column":31}},"16":{"start":{"line":17,"column":0},"end":{"line":17,"column":27}},"17":{"start":{"line":18,"column":0},"end":{"line":18,"column":0}},"18":{"start":{"line":19,"column":0},"end":{"line":19,"column":31}},"19":{"start":{"line":20,"column":0},"end":{"line":20,"column":27}},"20":{"start":{"line":21,"column":0},"end":{"line":21,"column":0}},"21":{"start":{"line":22,"column":0},"end":{"line":22,"column":31}},"22":{"start":{"line":23,"column":0},"end":{"line":23,"column":28}},"23":{"start":{"line":24,"column":0},"end":{"line":24,"column":0}},"24":{"start":{"line":25,"column":0},"end":{"line":25,"column":31}},"25":{"start":{"line":26,"column":0},"end":{"line":26,"column":25}},"26":{"start":{"line":27,"column":0},"end":{"line":27,"column":0}},"27":{"start":{"line":28,"column":0},"end":{"line":28,"column":31}},"28":{"start":{"line":29,"column":0},"end":{"line":29,"column":28}},"29":{"start":{"line":30,"column":0},"end":{"line":30,"column":0}},"30":{"start":{"line":31,"column":0},"end":{"line":31,"column":31}},"31":{"start":{"line":32,"column":0},"end":{"line":32,"column":33}},"32":{"start":{"line":33,"column":0},"end":{"line":33,"column":1}}},"s":{"0":1,"1":1,"2":1,"3":1,"4":1,"5":1,"6":1,"7":1,"8":1,"9":1,"10":1,"11":1,"12":1,"13":1,"14":1,"15":1,"16":1,"17":1,"18":1,"19":1,"20":1,"21":1,"22":1,"23":1,"24":1,"25":1,"26":1,"27":1,"28":1,"29":1,"30":1,"31":1,"32":1},"branchMap":{"0":{"type":"branch","line":7,"loc":{"start":{"line":7,"column":21},"end":{"line":7,"column":43}},"locations":[{"start":{"line":7,"column":21},"end":{"line":7,"column":43}}]}},"b":{"0":[17]},"fnMap":{"0":{"name":"get","decl":{"start":{"line":7,"column":21},"end":{"line":7,"column":43}},"loc":{"start":{"line":7,"column":21},"end":{"line":7,"column":43}},"line":7}},"f":{"0":17}}
,"/home/diego/aulas/ddd_fc/src/infrastructure/db/sequelize/model/product.model.ts": {"path":"/home/diego/aulas/ddd_fc/src/infrastructure/db/sequelize/model/product.model.ts","all":false,"statementMap":{"0":{"start":{"line":1,"column":0},"end":{"line":1,"column":72}},"1":{"start":{"line":2,"column":0},"end":{"line":2,"column":0}},"2":{"start":{"line":3,"column":0},"end":{"line":3,"column":8}},"3":{"start":{"line":4,"column":0},"end":{"line":4,"column":26}},"4":{"start":{"line":5,"column":0},"end":{"line":5,"column":22}},"5":{"start":{"line":6,"column":0},"end":{"line":6,"column":2}},"6":{"start":{"line":7,"column":0},"end":{"line":7,"column":48}},"7":{"start":{"line":8,"column":0},"end":{"line":8,"column":0}},"8":{"start":{"line":9,"column":0},"end":{"line":9,"column":15}},"9":{"start":{"line":10,"column":0},"end":{"line":10,"column":11}},"10":{"start":{"line":11,"column":0},"end":{"line":11,"column":23}},"11":{"start":{"line":12,"column":0},"end":{"line":12,"column":0}},"12":{"start":{"line":13,"column":0},"end":{"line":13,"column":31}},"13":{"start":{"line":14,"column":0},"end":{"line":14,"column":25}},"14":{"start":{"line":15,"column":0},"end":{"line":15,"column":0}},"15":{"start":{"line":16,"column":0},"end":{"line":16,"column":31}},"16":{"start":{"line":17,"column":0},"end":{"line":17,"column":26}},"17":{"start":{"line":18,"column":0},"end":{"line":18,"column":1}}},"s":{"0":1,"1":1,"2":1,"3":1,"4":1,"5":1,"6":1,"7":1,"8":1,"9":1,"10":1,"11":1,"12":1,"13":1,"14":1,"15":1,"16":1,"17":1},"branchMap":{"0":{"type":"branch","line":7,"loc":{"start":{"line":7,"column":21},"end":{"line":7,"column":42}},"locations":[{"start":{"line":7,"column":21},"end":{"line":7,"column":42}}]}},"b":{"0":[16]},"fnMap":{"0":{"name":"get","decl":{"start":{"line":7,"column":21},"end":{"line":7,"column":42}},"loc":{"start":{"line":7,"column":21},"end":{"line":7,"column":42}},"line":7}},"f":{"0":16}}
,"/home/diego/aulas/ddd_fc/src/infrastructure/repository/customer.repository.ts": {"path":"/home/diego/aulas/ddd_fc/src/infrastructure/repository/customer.repository.ts","all":false,"statementMap":{"0":{"start":{"line":1,"column":0},"end":{"line":1,"column":50}},"1":{"start":{"line":2,"column":0},"end":{"line":2,"column":52}},"2":{"start":{"line":3,"column":0},"end":{"line":3,"column":96}},"3":{"start":{"line":4,"column":0},"end":{"line":4,"column":65}},"4":{"start":{"line":5,"column":0},"end":{"line":5,"column":0}},"5":{"start":{"line":6,"column":0},"end":{"line":6,"column":79}},"6":{"start":{"line":7,"column":0},"end":{"line":7,"column":4}},"7":{"start":{"line":8,"column":0},"end":{"line":8,"column":50}},"8":{"start":{"line":9,"column":0},"end":{"line":9,"column":36}},"9":{"start":{"line":10,"column":0},"end":{"line":10,"column":31}},"10":{"start":{"line":11,"column":0},"end":{"line":11,"column":35}},"11":{"start":{"line":12,"column":0},"end":{"line":12,"column":52}},"12":{"start":{"line":13,"column":0},"end":{"line":13,"column":52}},"13":{"start":{"line":14,"column":0},"end":{"line":14,"column":50}},"14":{"start":{"line":15,"column":0},"end":{"line":15,"column":48}},"15":{"start":{"line":16,"column":0},"end":{"line":16,"column":38}},"16":{"start":{"line":17,"column":0},"end":{"line":17,"column":51}},"17":{"start":{"line":18,"column":0},"end":{"line":18,"column":11}},"18":{"start":{"line":19,"column":0},"end":{"line":19,"column":5}},"19":{"start":{"line":20,"column":0},"end":{"line":20,"column":0}},"20":{"start":{"line":21,"column":0},"end":{"line":21,"column":50}},"21":{"start":{"line":22,"column":0},"end":{"line":22,"column":35}},"22":{"start":{"line":23,"column":0},"end":{"line":23,"column":13}},"23":{"start":{"line":24,"column":0},"end":{"line":24,"column":39}},"24":{"start":{"line":25,"column":0},"end":{"line":25,"column":56}},"25":{"start":{"line":26,"column":0},"end":{"line":26,"column":56}},"26":{"start":{"line":27,"column":0},"end":{"line":27,"column":54}},"27":{"start":{"line":28,"column":0},"end":{"line":28,"column":52}},"28":{"start":{"line":29,"column":0},"end":{"line":29,"column":42}},"29":{"start":{"line":30,"column":0},"end":{"line":30,"column":55}},"30":{"start":{"line":31,"column":0},"end":{"line":31,"column":14}},"31":{"start":{"line":32,"column":0},"end":{"line":32,"column":13}},"32":{"start":{"line":33,"column":0},"end":{"line":33,"column":24}},"33":{"start":{"line":34,"column":0},"end":{"line":34,"column":39}},"34":{"start":{"line":35,"column":0},"end":{"line":35,"column":18}},"35":{"start":{"line":36,"column":0},"end":{"line":36,"column":15}},"36":{"start":{"line":37,"column":0},"end":{"line":37,"column":5}},"37":{"start":{"line":38,"column":0},"end":{"line":38,"column":0}},"38":{"start":{"line":39,"column":0},"end":{"line":39,"column":46}},"39":{"start":{"line":40,"column":0},"end":{"line":40,"column":26}},"40":{"start":{"line":41,"column":0},"end":{"line":41,"column":12}},"41":{"start":{"line":42,"column":0},"end":{"line":42,"column":57}},"42":{"start":{"line":43,"column":0},"end":{"line":43,"column":24}},"43":{"start":{"line":44,"column":0},"end":{"line":44,"column":23}},"44":{"start":{"line":45,"column":0},"end":{"line":45,"column":18}},"45":{"start":{"line":46,"column":0},"end":{"line":46,"column":36}},"46":{"start":{"line":47,"column":0},"end":{"line":47,"column":15}},"47":{"start":{"line":48,"column":0},"end":{"line":48,"column":22}},"48":{"start":{"line":49,"column":0},"end":{"line":49,"column":50}},"49":{"start":{"line":50,"column":0},"end":{"line":50,"column":9}},"50":{"start":{"line":51,"column":0},"end":{"line":51,"column":62}},"51":{"start":{"line":52,"column":0},"end":{"line":52,"column":36}},"52":{"start":{"line":53,"column":0},"end":{"line":53,"column":33}},"53":{"start":{"line":54,"column":0},"end":{"line":54,"column":33}},"54":{"start":{"line":55,"column":0},"end":{"line":55,"column":34}},"55":{"start":{"line":56,"column":0},"end":{"line":56,"column":30}},"56":{"start":{"line":57,"column":0},"end":{"line":57,"column":10}},"57":{"start":{"line":58,"column":0},"end":{"line":58,"column":40}},"58":{"start":{"line":59,"column":0},"end":{"line":59,"column":0}},"59":{"start":{"line":60,"column":0},"end":{"line":60,"column":24}},"60":{"start":{"line":61,"column":0},"end":{"line":61,"column":5}},"61":{"start":{"line":62,"column":0},"end":{"line":62,"column":0}},"62":{"start":{"line":63,"column":0},"end":{"line":63,"column":41}},"63":{"start":{"line":64,"column":0},"end":{"line":64,"column":61}},"64":{"start":{"line":65,"column":0},"end":{"line":65,"column":0}},"65":{"start":{"line":66,"column":0},"end":{"line":66,"column":66}},"66":{"start":{"line":67,"column":0},"end":{"line":67,"column":80}},"67":{"start":{"line":68,"column":0},"end":{"line":68,"column":66}},"68":{"start":{"line":69,"column":0},"end":{"line":69,"column":40}},"69":{"start":{"line":70,"column":0},"end":{"line":70,"column":38}},"70":{"start":{"line":71,"column":0},"end":{"line":71,"column":38}},"71":{"start":{"line":72,"column":0},"end":{"line":72,"column":39}},"72":{"start":{"line":73,"column":0},"end":{"line":73,"column":35}},"73":{"start":{"line":74,"column":0},"end":{"line":74,"column":18}},"74":{"start":{"line":75,"column":0},"end":{"line":75,"column":41}},"75":{"start":{"line":76,"column":0},"end":{"line":76,"column":38}},"76":{"start":{"line":77,"column":0},"end":{"line":77,"column":36}},"77":{"start":{"line":78,"column":0},"end":{"line":78,"column":13}},"78":{"start":{"line":79,"column":0},"end":{"line":79,"column":28}},"79":{"start":{"line":80,"column":0},"end":{"line":80,"column":11}},"80":{"start":{"line":81,"column":0},"end":{"line":81,"column":0}},"81":{"start":{"line":82,"column":0},"end":{"line":82,"column":25}},"82":{"start":{"line":83,"column":0},"end":{"line":83,"column":5}},"83":{"start":{"line":84,"column":0},"end":{"line":84,"column":1}}},"s":{"0":1,"1":1,"2":1,"3":1,"4":1,"5":1,"6":1,"7":1,"8":5,"9":5,"10":5,"11":5,"12":5,"13":5,"14":5,"15":5,"16":5,"17":5,"18":5,"19":1,"20":1,"21":1,"22":1,"23":1,"24":1,"25":1,"26":1,"27":1,"28":1,"29":1,"30":1,"31":1,"32":1,"33":1,"34":1,"35":1,"36":1,"37":1,"38":1,"39":2,"40":2,"41":2,"42":2,"43":2,"44":2,"45":2,"46":2,"47":1,"48":1,"49":1,"50":1,"51":1,"52":1,"53":1,"54":1,"55":1,"56":1,"57":1,"58":1,"59":1,"60":1,"61":1,"62":1,"63":1,"64":1,"65":1,"66":2,"67":2,"68":2,"69":2,"70":2,"71":2,"72":2,"73":2,"74":2,"75":2,"76":2,"77":2,"78":2,"79":2,"80":1,"81":1,"82":1,"83":1},"branchMap":{"0":{"type":"branch","line":6,"loc":{"start":{"line":6,"column":21},"end":{"line":6,"column":79}},"locations":[{"start":{"line":6,"column":21},"end":{"line":6,"column":79}}]},"1":{"type":"branch","line":8,"loc":{"start":{"line":8,"column":4},"end":{"line":19,"column":5}},"locations":[{"start":{"line":8,"column":4},"end":{"line":19,"column":5}}]},"2":{"type":"branch","line":21,"loc":{"start":{"line":21,"column":4},"end":{"line":37,"column":5}},"locations":[{"start":{"line":21,"column":4},"end":{"line":37,"column":5}}]},"3":{"type":"branch","line":39,"loc":{"start":{"line":39,"column":4},"end":{"line":61,"column":5}},"locations":[{"start":{"line":39,"column":4},"end":{"line":61,"column":5}}]},"4":{"type":"branch","line":47,"loc":{"start":{"line":47,"column":12},"end":{"line":61,"column":5}},"locations":[{"start":{"line":47,"column":12},"end":{"line":61,"column":5}}]},"5":{"type":"branch","line":63,"loc":{"start":{"line":63,"column":4},"end":{"line":83,"column":5}},"locations":[{"start":{"line":63,"column":4},"end":{"line":83,"column":5}}]},"6":{"type":"branch","line":66,"loc":{"start":{"line":66,"column":45},"end":{"line":80,"column":11}},"locations":[{"start":{"line":66,"column":45},"end":{"line":80,"column":11}}]}},"b":{"0":[5],"1":[5],"2":[1],"3":[2],"4":[1],"5":[1],"6":[2]},"fnMap":{"0":{"name":"get","decl":{"start":{"line":6,"column":21},"end":{"line":6,"column":79}},"loc":{"start":{"line":6,"column":21},"end":{"line":6,"column":79}},"line":6},"1":{"name":"create","decl":{"start":{"line":8,"column":4},"end":{"line":19,"column":5}},"loc":{"start":{"line":8,"column":4},"end":{"line":19,"column":5}},"line":8},"2":{"name":"update","decl":{"start":{"line":21,"column":4},"end":{"line":37,"column":5}},"loc":{"start":{"line":21,"column":4},"end":{"line":37,"column":5}},"line":21},"3":{"name":"find","decl":{"start":{"line":39,"column":4},"end":{"line":61,"column":5}},"loc":{"start":{"line":39,"column":4},"end":{"line":61,"column":5}},"line":39},"4":{"name":"findAll","decl":{"start":{"line":63,"column":4},"end":{"line":83,"column":5}},"loc":{"start":{"line":63,"column":4},"end":{"line":83,"column":5}},"line":63}},"f":{"0":5,"1":5,"2":1,"3":2,"4":1}}
,"/home/diego/aulas/ddd_fc/src/infrastructure/repository/product.repository.ts": {"path":"/home/diego/aulas/ddd_fc/src/infrastructure/repository/product.repository.ts","all":false,"statementMap":{"0":{"start":{"line":1,"column":0},"end":{"line":1,"column":63}},"1":{"start":{"line":2,"column":0},"end":{"line":2,"column":50}},"2":{"start":{"line":3,"column":0},"end":{"line":3,"column":94}},"3":{"start":{"line":4,"column":0},"end":{"line":4,"column":0}},"4":{"start":{"line":5,"column":0},"end":{"line":5,"column":77}},"5":{"start":{"line":6,"column":0},"end":{"line":6,"column":4}},"6":{"start":{"line":7,"column":0},"end":{"line":7,"column":49}},"7":{"start":{"line":8,"column":0},"end":{"line":8,"column":35}},"8":{"start":{"line":9,"column":0},"end":{"line":9,"column":31}},"9":{"start":{"line":10,"column":0},"end":{"line":10,"column":35}},"10":{"start":{"line":11,"column":0},"end":{"line":11,"column":37}},"11":{"start":{"line":12,"column":0},"end":{"line":12,"column":10}},"12":{"start":{"line":13,"column":0},"end":{"line":13,"column":5}},"13":{"start":{"line":14,"column":0},"end":{"line":14,"column":0}},"14":{"start":{"line":15,"column":0},"end":{"line":15,"column":49}},"15":{"start":{"line":16,"column":0},"end":{"line":16,"column":34}},"16":{"start":{"line":17,"column":0},"end":{"line":17,"column":13}},"17":{"start":{"line":18,"column":0},"end":{"line":18,"column":39}},"18":{"start":{"line":19,"column":0},"end":{"line":19,"column":41}},"19":{"start":{"line":20,"column":0},"end":{"line":20,"column":14}},"20":{"start":{"line":21,"column":0},"end":{"line":21,"column":13}},"21":{"start":{"line":22,"column":0},"end":{"line":22,"column":24}},"22":{"start":{"line":23,"column":0},"end":{"line":23,"column":39}},"23":{"start":{"line":24,"column":0},"end":{"line":24,"column":18}},"24":{"start":{"line":25,"column":0},"end":{"line":25,"column":15}},"25":{"start":{"line":26,"column":0},"end":{"line":26,"column":5}},"26":{"start":{"line":27,"column":0},"end":{"line":27,"column":0}},"27":{"start":{"line":28,"column":0},"end":{"line":28,"column":45}},"28":{"start":{"line":29,"column":0},"end":{"line":29,"column":74}},"29":{"start":{"line":30,"column":0},"end":{"line":30,"column":0}},"30":{"start":{"line":31,"column":0},"end":{"line":31,"column":27}},"31":{"start":{"line":32,"column":0},"end":{"line":32,"column":28}},"32":{"start":{"line":33,"column":0},"end":{"line":33,"column":30}},"33":{"start":{"line":34,"column":0},"end":{"line":34,"column":30}},"34":{"start":{"line":35,"column":0},"end":{"line":35,"column":9}},"35":{"start":{"line":36,"column":0},"end":{"line":36,"column":5}},"36":{"start":{"line":37,"column":0},"end":{"line":37,"column":0}},"37":{"start":{"line":38,"column":0},"end":{"line":38,"column":40}},"38":{"start":{"line":39,"column":0},"end":{"line":39,"column":59}},"39":{"start":{"line":40,"column":0},"end":{"line":40,"column":51}},"40":{"start":{"line":41,"column":0},"end":{"line":41,"column":77}},"41":{"start":{"line":42,"column":0},"end":{"line":42,"column":5}},"42":{"start":{"line":43,"column":0},"end":{"line":43,"column":1}}},"s":{"0":1,"1":1,"2":1,"3":1,"4":1,"5":1,"6":1,"7":5,"8":5,"9":5,"10":5,"11":5,"12":5,"13":1,"14":1,"15":1,"16":1,"17":1,"18":1,"19":1,"20":1,"21":1,"22":1,"23":1,"24":1,"25":1,"26":1,"27":1,"28":1,"29":1,"30":1,"31":1,"32":1,"33":1,"34":1,"35":1,"36":1,"37":1,"38":1,"39":1,"40":2,"41":1,"42":1},"branchMap":{"0":{"type":"branch","line":5,"loc":{"start":{"line":5,"column":21},"end":{"line":5,"column":77}},"locations":[{"start":{"line":5,"column":21},"end":{"line":5,"column":77}}]},"1":{"type":"branch","line":7,"loc":{"start":{"line":7,"column":4},"end":{"line":13,"column":5}},"locations":[{"start":{"line":7,"column":4},"end":{"line":13,"column":5}}]},"2":{"type":"branch","line":15,"loc":{"start":{"line":15,"column":4},"end":{"line":26,"column":5}},"locations":[{"start":{"line":15,"column":4},"end":{"line":26,"column":5}}]},"3":{"type":"branch","line":28,"loc":{"start":{"line":28,"column":4},"end":{"line":36,"column":5}},"locations":[{"start":{"line":28,"column":4},"end":{"line":36,"column":5}}]},"4":{"type":"branch","line":38,"loc":{"start":{"line":38,"column":4},"end":{"line":42,"column":5}},"locations":[{"start":{"line":38,"column":4},"end":{"line":42,"column":5}}]},"5":{"type":"branch","line":40,"loc":{"start":{"line":40,"column":33},"end":{"line":41,"column":77}},"locations":[{"start":{"line":40,"column":33},"end":{"line":41,"column":77}}]}},"b":{"0":[4],"1":[5],"2":[1],"3":[1],"4":[1],"5":[2]},"fnMap":{"0":{"name":"get","decl":{"start":{"line":5,"column":21},"end":{"line":5,"column":77}},"loc":{"start":{"line":5,"column":21},"end":{"line":5,"column":77}},"line":5},"1":{"name":"create","decl":{"start":{"line":7,"column":4},"end":{"line":13,"column":5}},"loc":{"start":{"line":7,"column":4},"end":{"line":13,"column":5}},"line":7},"2":{"name":"update","decl":{"start":{"line":15,"column":4},"end":{"line":26,"column":5}},"loc":{"start":{"line":15,"column":4},"end":{"line":26,"column":5}},"line":15},"3":{"name":"find","decl":{"start":{"line":28,"column":4},"end":{"line":36,"column":5}},"loc":{"start":{"line":28,"column":4},"end":{"line":36,"column":5}},"line":28},"4":{"name":"findAll","decl":{"start":{"line":38,"column":4},"end":{"line":42,"column":5}},"loc":{"start":{"line":38,"column":4},"end":{"line":42,"column":5}},"line":38}},"f":{"0":4,"1":5,"2":1,"3":1,"4":1}}
}
