TN:
SF:src/domain/entity/address.ts
FN:1,get
FN:16,get street
FN:20,get number
FN:24,get zip
FN:28,get city
FN:32,validate
FN:47,toString
FN:8,Address
FNF:8
FNH:7
FNDA:10,get
FNDA:10,get street
FNDA:10,get number
FNDA:10,get zip
FNDA:10,get city
FNDA:10,validate
FNDA:0,toString
FNDA:10,Address
DA:1,1
DA:2,1
DA:3,1
DA:4,1
DA:5,1
DA:6,1
DA:7,1
DA:8,1
DA:9,10
DA:10,10
DA:11,10
DA:12,10
DA:13,10
DA:14,10
DA:15,1
DA:16,1
DA:17,10
DA:18,10
DA:19,1
DA:20,1
DA:21,10
DA:22,10
DA:23,1
DA:24,1
DA:25,10
DA:26,10
DA:27,1
DA:28,1
DA:29,10
DA:30,10
DA:31,1
DA:32,1
DA:33,10
DA:34,0
DA:35,0
DA:36,10
DA:37,0
DA:38,0
DA:39,10
DA:40,0
DA:41,0
DA:42,10
DA:43,0
DA:44,0
DA:45,10
DA:46,1
DA:47,1
DA:48,0
DA:49,0
DA:50,1
LF:50
LH:40
BRDA:1,0,0,10
BRDA:16,1,0,10
BRDA:20,2,0,10
BRDA:24,3,0,10
BRDA:28,4,0,10
BRDA:32,5,0,10
BRDA:33,6,0,0
BRDA:36,7,0,0
BRDA:39,8,0,0
BRDA:42,9,0,0
BRDA:8,10,0,10
BRF:11
BRH:7
end_of_record
TN:
SF:src/domain/entity/customer.ts
FN:3,get
FN:18,get id
FN:22,get name
FN:26,get address
FN:30,get rewardPoints
FN:34,isActive
FN:38,validate
FN:47,changeName
FN:52,activate
FN:59,deactivate
FN:63,changeAddress
FN:67,addRewardPoints
FN:11,Customer
FNF:13
FNH:13
FNDA:17,get
FNDA:11,get id
FNDA:11,get name
FNDA:36,get address
FNDA:14,get rewardPoints
FNDA:12,isActive
FNDA:19,validate
FNDA:2,changeName
FNDA:7,activate
FNDA:1,deactivate
FNDA:10,changeAddress
FNDA:7,addRewardPoints
FNDA:17,Customer
DA:1,1
DA:2,1
DA:3,1
DA:4,1
DA:5,1
DA:6,1
DA:7,1
DA:8,1
DA:9,1
DA:10,1
DA:11,1
DA:12,17
DA:13,17
DA:14,17
DA:15,17
DA:16,17
DA:17,1
DA:18,1
DA:19,11
DA:20,11
DA:21,1
DA:22,1
DA:23,11
DA:24,11
DA:25,1
DA:26,1
DA:27,36
DA:28,36
DA:29,1
DA:30,1
DA:31,14
DA:32,14
DA:33,1
DA:34,1
DA:35,12
DA:36,12
DA:37,1
DA:38,1
DA:39,19
DA:40,1
DA:41,1
DA:42,19
DA:43,1
DA:44,1
DA:45,19
DA:46,1
DA:47,1
DA:48,2
DA:49,2
DA:50,2
DA:51,1
DA:52,1
DA:53,7
DA:54,1
DA:55,1
DA:56,6
DA:57,6
DA:58,1
DA:59,1
DA:60,1
DA:61,1
DA:62,1
DA:63,1
DA:64,10
DA:65,10
DA:66,1
DA:67,1
DA:68,7
DA:69,7
DA:70,1
DA:71,1
LF:71
LH:71
BRDA:3,0,0,17
BRDA:18,1,0,11
BRDA:22,2,0,11
BRDA:26,3,0,36
BRDA:30,4,0,14
BRDA:34,5,0,12
BRDA:38,6,0,19
BRDA:39,7,0,1
BRDA:42,8,0,18
BRDA:42,9,0,1
BRDA:47,10,0,2
BRDA:52,11,0,7
BRDA:53,12,0,6
BRDA:53,13,0,1
BRDA:59,14,0,1
BRDA:63,15,0,10
BRDA:67,16,0,7
BRDA:11,17,0,17
BRF:18
BRH:18
end_of_record
TN:
SF:src/domain/entity/order.ts
FN:3,get
FN:18,get id
FN:22,get customerId
FN:26,get items
FN:30,total
FN:34,validate
FN:10,Order
FNF:7
FNH:7
FNDA:9,get
FNDA:2,get id
FNDA:1,get customerId
FNDA:1,get items
FNDA:17,total
FNDA:9,validate
FNDA:9,Order
DA:1,1
DA:2,1
DA:3,1
DA:4,1
DA:5,1
DA:6,1
DA:7,1
DA:8,1
DA:9,1
DA:10,1
DA:11,9
DA:12,9
DA:13,9
DA:14,9
DA:15,9
DA:16,9
DA:17,1
DA:18,1
DA:19,2
DA:20,2
DA:21,1
DA:22,1
DA:23,1
DA:24,1
DA:25,1
DA:26,1
DA:27,1
DA:28,1
DA:29,1
DA:30,1
DA:31,17
DA:32,17
DA:33,1
DA:34,1
DA:35,9
DA:36,1
DA:37,1
DA:38,9
DA:39,1
DA:40,1
DA:41,9
DA:42,1
DA:43,1
DA:44,9
DA:45,0
DA:46,0
DA:47,6
DA:48,6
DA:49,1
DA:50,1
LF:50
LH:48
BRDA:3,0,0,9
BRDA:18,1,0,2
BRDA:22,2,0,1
BRDA:26,3,0,1
BRDA:30,4,0,17
BRDA:31,5,0,16
BRDA:34,6,0,9
BRDA:35,7,0,1
BRDA:38,8,0,8
BRDA:38,9,0,1
BRDA:41,10,0,7
BRDA:41,11,0,1
BRDA:44,12,0,6
BRDA:44,13,0,0
BRDA:47,14,0,6
BRDA:44,15,0,7
BRDA:10,16,0,9
BRF:17
BRH:16
end_of_record
TN:
SF:src/domain/entity/order_item.ts
FN:1,get
FN:20,get id
FN:24,get name
FN:28,get quantity
FN:32,get price
FN:36,get productId
FN:40,total
FN:44,validate
FN:10,OrderItem
FNF:9
FNH:9
FNDA:12,get
FNDA:2,get id
FNDA:2,get name
FNDA:9,get quantity
FNDA:18,get price
FNDA:1,get productId
FNDA:12,total
FNDA:12,validate
FNDA:12,OrderItem
DA:1,1
DA:2,1
DA:3,1
DA:4,1
DA:5,1
DA:6,1
DA:7,1
DA:8,1
DA:9,1
DA:10,1
DA:11,12
DA:12,12
DA:13,12
DA:14,12
DA:15,12
DA:16,12
DA:17,12
DA:18,12
DA:19,1
DA:20,1
DA:21,2
DA:22,2
DA:23,1
DA:24,1
DA:25,2
DA:26,2
DA:27,1
DA:28,1
DA:29,9
DA:30,9
DA:31,1
DA:32,1
DA:33,18
DA:34,18
DA:35,1
DA:36,1
DA:37,1
DA:38,1
DA:39,1
DA:40,1
DA:41,12
DA:42,12
DA:43,1
DA:44,1
DA:45,12
DA:46,1
DA:47,1
DA:48,12
DA:49,1
DA:50,1
DA:51,12
DA:52,1
DA:53,1
DA:54,12
DA:55,1
DA:56,1
DA:57,8
DA:58,2
DA:59,2
DA:60,6
DA:61,6
DA:62,1
LF:62
LH:62
BRDA:1,0,0,12
BRDA:20,1,0,2
BRDA:24,2,0,2
BRDA:28,3,0,9
BRDA:32,4,0,18
BRDA:36,5,0,1
BRDA:40,6,0,12
BRDA:44,7,0,12
BRDA:45,8,0,1
BRDA:48,9,0,11
BRDA:48,10,0,1
BRDA:51,11,0,10
BRDA:51,12,0,1
BRDA:54,13,0,9
BRDA:54,14,0,8
BRDA:54,15,0,1
BRDA:57,16,0,2
BRDA:60,17,0,6
BRDA:10,18,0,12
BRF:19
BRH:19
end_of_record
TN:
SF:src/domain/entity/product.ts
FN:1,get
FN:14,get id
FN:18,get name
FN:22,get price
FN:26,validate
FN:39,changeName
FN:44,changePrice
FN:7,Product
FNF:8
FNH:8
FNDA:16,get
FNDA:9,get id
FNDA:10,get name
FNDA:16,get price
FNDA:22,validate
FNDA:2,changeName
FNDA:4,changePrice
FNDA:16,Product
DA:1,1
DA:2,1
DA:3,1
DA:4,1
DA:5,1
DA:6,1
DA:7,1
DA:8,16
DA:9,16
DA:10,16
DA:11,16
DA:12,16
DA:13,1
DA:14,1
DA:15,9
DA:16,9
DA:17,1
DA:18,1
DA:19,10
DA:20,10
DA:21,1
DA:22,1
DA:23,16
DA:24,16
DA:25,1
DA:26,1
DA:27,22
DA:28,1
DA:29,1
DA:30,22
DA:31,1
DA:32,1
DA:33,22
DA:34,1
DA:35,1
DA:36,19
DA:37,19
DA:38,1
DA:39,1
DA:40,2
DA:41,2
DA:42,2
DA:43,1
DA:44,1
DA:45,4
DA:46,4
DA:47,4
DA:48,1
DA:49,1
LF:49
LH:49
BRDA:1,0,0,16
BRDA:14,1,0,9
BRDA:18,2,0,10
BRDA:22,3,0,16
BRDA:26,4,0,22
BRDA:27,5,0,1
BRDA:30,6,0,21
BRDA:30,7,0,1
BRDA:33,8,0,20
BRDA:33,9,0,1
BRDA:36,10,0,19
BRDA:39,11,0,2
BRDA:44,12,0,4
BRDA:7,13,0,16
BRF:14
BRH:14
end_of_record
TN:
SF:src/domain/service/order.service.ts
FN:7,get
FN:9,placeOrder
FN:21,total
FNF:3
FNH:3
FNDA:2,get
FNDA:1,placeOrder
FNDA:1,total
DA:1,1
DA:2,1
DA:3,1
DA:4,1
DA:5,1
DA:6,1
DA:7,1
DA:8,1
DA:9,1
DA:10,1
DA:11,1
DA:12,0
DA:13,0
DA:14,1
DA:15,1
DA:16,1
DA:17,1
DA:18,1
DA:19,1
DA:20,1
DA:21,1
DA:22,1
DA:23,1
DA:24,1
LF:24
LH:22
BRDA:7,0,0,2
BRDA:9,1,0,1
BRDA:11,2,0,0
BRDA:21,3,0,1
BRDA:22,4,0,2
BRF:5
BRH:4
end_of_record
TN:
SF:src/domain/service/product.service.ts
FN:3,get
FN:5,increasePrice
FNF:2
FNH:2
FNDA:1,get
FNDA:1,increasePrice
DA:1,1
DA:2,1
DA:3,1
DA:4,1
DA:5,1
DA:6,1
DA:7,2
DA:8,2
DA:9,1
DA:10,1
LF:10
LH:10
BRDA:3,0,0,1
BRDA:5,1,0,1
BRDA:6,2,0,2
BRF:3
BRH:3
end_of_record
TN:
SF:src/infrastructure/db/sequelize/model/customer.model.ts
FN:7,get
FNF:1
FNH:1
FNDA:25,get
DA:1,1
DA:2,1
DA:3,1
DA:4,1
DA:5,1
DA:6,1
DA:7,1
DA:8,1
DA:9,1
DA:10,1
DA:11,1
DA:12,1
DA:13,1
DA:14,1
DA:15,1
DA:16,1
DA:17,1
DA:18,1
DA:19,1
DA:20,1
DA:21,1
DA:22,1
DA:23,1
DA:24,1
DA:25,1
DA:26,1
DA:27,1
DA:28,1
DA:29,1
DA:30,1
DA:31,1
DA:32,1
DA:33,1
LF:33
LH:33
BRDA:7,0,0,25
BRF:1
BRH:1
end_of_record
TN:
SF:src/infrastructure/db/sequelize/model/order-item.model.ts
FN:9,get
FNF:1
FNH:1
FNDA:5,get
DA:1,1
DA:2,1
DA:3,1
DA:4,1
DA:5,1
DA:6,1
DA:7,1
DA:8,1
DA:9,1
DA:10,1
DA:11,1
DA:12,1
DA:13,1
DA:14,1
DA:15,1
DA:16,1
DA:17,1
DA:18,1
DA:19,1
DA:20,1
DA:21,1
DA:22,1
DA:23,1
DA:24,1
DA:25,1
DA:26,1
DA:27,1
DA:28,1
DA:29,1
DA:30,1
DA:31,1
DA:32,1
DA:33,1
DA:34,1
DA:35,1
DA:36,1
DA:37,1
LF:37
LH:37
BRDA:20,0,0,0
BRDA:27,1,0,0
BRDA:9,2,0,5
BRDA:15,3,0,5
BRDA:19,4,0,2
BRDA:22,5,0,2
BRDA:26,6,0,2
BRF:7
BRH:5
end_of_record
TN:
SF:src/infrastructure/db/sequelize/model/order.model.ts
FN:9,get
FNF:1
FNH:1
FNDA:9,get
DA:1,1
DA:2,1
DA:3,1
DA:4,1
DA:5,1
DA:6,1
DA:7,1
DA:8,1
DA:9,1
DA:10,1
DA:11,1
DA:12,1
DA:13,1
DA:14,1
DA:15,1
DA:16,1
DA:17,1
DA:18,1
DA:19,1
DA:20,1
DA:21,1
DA:22,1
DA:23,1
DA:24,1
DA:25,1
DA:26,1
DA:27,1
LF:27
LH:27
BRDA:20,0,0,0
BRDA:9,1,0,9
BRDA:15,2,0,1
BRDA:19,3,0,3
BRDA:22,4,0,3
BRF:5
BRH:4
end_of_record
TN:
SF:src/infrastructure/db/sequelize/model/product.model.ts
FN:7,get
FNF:1
FNH:1
FNDA:27,get
DA:1,1
DA:2,1
DA:3,1
DA:4,1
DA:5,1
DA:6,1
DA:7,1
DA:8,1
DA:9,1
DA:10,1
DA:11,1
DA:12,1
DA:13,1
DA:14,1
DA:15,1
DA:16,1
DA:17,1
DA:18,1
LF:18
LH:18
BRDA:7,0,0,27
BRF:1
BRH:1
end_of_record
TN:
SF:src/infrastructure/repository/customer.repository.ts
FN:6,get
FN:8,create
FN:21,update
FN:39,find
FN:63,findAll
FNF:5
FNH:5
FNDA:6,get
FNDA:6,create
FNDA:1,update
FNDA:2,find
FNDA:1,findAll
DA:1,1
DA:2,1
DA:3,1
DA:4,1
DA:5,1
DA:6,1
DA:7,1
DA:8,1
DA:9,6
DA:10,6
DA:11,6
DA:12,6
DA:13,6
DA:14,6
DA:15,6
DA:16,6
DA:17,6
DA:18,6
DA:19,6
DA:20,1
DA:21,1
DA:22,1
DA:23,1
DA:24,1
DA:25,1
DA:26,1
DA:27,1
DA:28,1
DA:29,1
DA:30,1
DA:31,1
DA:32,1
DA:33,1
DA:34,1
DA:35,1
DA:36,1
DA:37,1
DA:38,1
DA:39,1
DA:40,2
DA:41,2
DA:42,2
DA:43,2
DA:44,2
DA:45,2
DA:46,2
DA:47,2
DA:48,1
DA:49,1
DA:50,1
DA:51,1
DA:52,1
DA:53,1
DA:54,1
DA:55,1
DA:56,1
DA:57,1
DA:58,1
DA:59,1
DA:60,1
DA:61,1
DA:62,1
DA:63,1
DA:64,1
DA:65,1
DA:66,1
DA:67,2
DA:68,2
DA:69,2
DA:70,2
DA:71,2
DA:72,2
DA:73,2
DA:74,2
DA:75,2
DA:76,2
DA:77,2
DA:78,2
DA:79,2
DA:80,2
DA:81,1
DA:82,1
DA:83,1
DA:84,1
LF:84
LH:84
BRDA:6,0,0,6
BRDA:8,1,0,6
BRDA:21,2,0,1
BRDA:39,3,0,2
BRDA:47,4,0,1
BRDA:63,5,0,1
BRDA:66,6,0,2
BRF:7
BRH:7
end_of_record
TN:
SF:src/infrastructure/repository/order.repository.ts
FN:6,get
FN:8,create
FN:26,update
FN:30,find
FN:34,findAll
FNF:5
FNH:2
FNDA:1,get
FNDA:1,create
FNDA:0,update
FNDA:0,find
FNDA:0,findAll
DA:1,1
DA:2,1
DA:3,1
DA:4,1
DA:5,1
DA:6,1
DA:7,1
DA:8,1
DA:9,1
DA:10,1
DA:11,1
DA:12,1
DA:13,1
DA:14,1
DA:15,1
DA:16,1
DA:17,1
DA:18,1
DA:19,1
DA:20,1
DA:21,1
DA:22,1
DA:23,1
DA:24,1
DA:25,1
DA:26,1
DA:27,0
DA:28,0
DA:29,1
DA:30,1
DA:31,0
DA:32,0
DA:33,1
DA:34,1
DA:35,0
DA:36,0
DA:37,1
LF:37
LH:31
BRDA:6,0,0,1
BRDA:8,1,0,1
BRDA:13,2,0,1
BRF:3
BRH:3
end_of_record
TN:
SF:src/infrastructure/repository/product.repository.ts
FN:5,get
FN:7,create
FN:15,update
FN:28,find
FN:38,findAll
FNF:5
FNH:5
FNDA:5,get
FNDA:6,create
FNDA:1,update
FNDA:1,find
FNDA:1,findAll
DA:1,1
DA:2,1
DA:3,1
DA:4,1
DA:5,1
DA:6,1
DA:7,1
DA:8,6
DA:9,6
DA:10,6
DA:11,6
DA:12,6
DA:13,6
DA:14,1
DA:15,1
DA:16,1
DA:17,1
DA:18,1
DA:19,1
DA:20,1
DA:21,1
DA:22,1
DA:23,1
DA:24,1
DA:25,1
DA:26,1
DA:27,1
DA:28,1
DA:29,1
DA:30,1
DA:31,1
DA:32,1
DA:33,1
DA:34,1
DA:35,1
DA:36,1
DA:37,1
DA:38,1
DA:39,1
DA:40,1
DA:41,2
DA:42,1
DA:43,1
LF:43
LH:43
BRDA:5,0,0,5
BRDA:7,1,0,6
BRDA:15,2,0,1
BRDA:28,3,0,1
BRDA:38,4,0,1
BRDA:40,5,0,2
BRF:6
BRH:6
end_of_record
